<?xml version="1.0" encoding="UTF-8"?>
<testsuite name="org.afyahmis.globe.infrastructure.data.FacilityRepositoryTest" tests="4" skipped="0" failures="0" errors="0" timestamp="2022-02-04T17:03:05" hostname="LIVEDEV" time="0.044">
  <properties/>
  <testcase name="should_create()" classname="org.afyahmis.globe.infrastructure.data.FacilityRepositoryTest" time="0.036"/>
  <testcase name="should_get()" classname="org.afyahmis.globe.infrastructure.data.FacilityRepositoryTest" time="0.002"/>
  <testcase name="should_getAll()" classname="org.afyahmis.globe.infrastructure.data.FacilityRepositoryTest" time="0.002"/>
  <testcase name="should_get_by_code()" classname="org.afyahmis.globe.infrastructure.data.FacilityRepositoryTest" time="0.002"/>
  <system-out><![CDATA[]]></system-out>
  <system-err><![CDATA[]]></system-err>
</testsuite>
